2024-10-06 10:51:48 INFO  AccountRegistrationTest:54 - ***********Launching application ***************
2024-10-06 10:51:51 INFO  AccountRegistrationTest:15 - ************** Starting Account Registration Test ***************
2024-10-06 10:51:51 INFO  AccountRegistrationTest:21 - Clicking on MyAccount
2024-10-06 10:51:52 INFO  AccountRegistrationTest:24 - Clicked on Register link
2024-10-06 10:51:52 INFO  AccountRegistrationTest:29 - Providing customer information
2024-10-06 10:51:55 INFO  AccountRegistrationTest:41 - Validating expected message...
2024-10-06 10:51:55 INFO  AccountRegistrationTest:44 - Account Registration Test Passed
2024-10-06 10:51:55 INFO  AccountRegistrationTest:48 - ************ Finished Accont Registratin Testing *********
2024-10-06 10:52:00 INFO  LoginTest:54 - ***********Launching application ***************
2024-10-06 10:52:04 INFO  LoginTest:15 - ************** Starting Login Test ***********
2024-10-06 10:52:05 INFO  LoginTest:23 - Clicked on login link under myAccount...
2024-10-06 10:52:05 INFO  LoginTest:27 - *** adding credentials ****
2024-10-06 10:52:06 INFO  LoginTest:31 - Clicked on login button...
2024-10-06 10:52:07 INFO  LoginTest:41 - ************** Login Test Completed ***********
2024-10-06 11:41:42 INFO  AccountRegistrationTest:54 - ***********Launching application ***************
2024-10-06 11:41:47 INFO  AccountRegistrationTest:15 - ************** Starting Account Registration Test ***************
2024-10-06 11:41:47 INFO  AccountRegistrationTest:21 - Clicking on MyAccount
2024-10-06 11:41:49 INFO  AccountRegistrationTest:24 - Clicked on Register link
2024-10-06 11:41:49 INFO  AccountRegistrationTest:29 - Providing customer information
2024-10-06 11:41:51 INFO  AccountRegistrationTest:41 - Validating expected message...
2024-10-06 11:41:51 INFO  AccountRegistrationTest:44 - Account Registration Test Passed
2024-10-06 11:41:51 INFO  AccountRegistrationTest:48 - ************ Finished Accont Registratin Testing *********
2024-10-06 11:41:56 INFO  LoginTest:54 - ***********Launching application ***************
2024-10-06 11:42:01 INFO  LoginTest:15 - ************** Starting Login Test ***********
2024-10-06 11:42:02 INFO  LoginTest:23 - Clicked on login link under myAccount...
2024-10-06 11:42:02 INFO  LoginTest:27 - *** adding credentials ****
2024-10-06 11:42:03 INFO  LoginTest:31 - Clicked on login button...
2024-10-06 11:42:03 INFO  LoginTest:41 - ************** Login Test Completed ***********
2024-10-06 11:52:00 INFO  AccountRegistrationTest:54 - ***********Launching application ***************
2024-10-06 11:52:04 INFO  AccountRegistrationTest:15 - ************** Starting Account Registration Test ***************
2024-10-06 11:52:04 INFO  AccountRegistrationTest:21 - Clicking on MyAccount
2024-10-06 11:52:05 INFO  AccountRegistrationTest:24 - Clicked on Register link
2024-10-06 11:52:05 INFO  AccountRegistrationTest:29 - Providing customer information
2024-10-06 11:52:07 INFO  AccountRegistrationTest:41 - Validating expected message...
2024-10-06 11:52:08 INFO  AccountRegistrationTest:44 - Account Registration Test Passed
2024-10-06 11:52:08 INFO  AccountRegistrationTest:48 - ************ Finished Accont Registratin Testing *********
2024-10-06 11:52:12 INFO  LoginTest:54 - ***********Launching application ***************
2024-10-06 11:52:17 INFO  LoginTest:15 - ************** Starting Login Test ***********
2024-10-06 11:52:17 INFO  LoginTest:23 - Clicked on login link under myAccount...
2024-10-06 11:52:17 INFO  LoginTest:27 - *** adding credentials ****
2024-10-06 11:52:18 INFO  LoginTest:31 - Clicked on login button...
2024-10-06 11:52:18 INFO  LoginTest:41 - ************** Login Test Completed ***********
2024-10-06 11:56:42 INFO  AccountRegistrationTest:54 - ***********Launching application ***************
2024-10-06 11:56:46 INFO  AccountRegistrationTest:15 - ************** Starting Account Registration Test ***************
2024-10-06 11:56:46 INFO  AccountRegistrationTest:21 - Clicking on MyAccount
2024-10-06 11:56:47 INFO  AccountRegistrationTest:24 - Clicked on Register link
2024-10-06 11:56:47 INFO  AccountRegistrationTest:29 - Providing customer information
2024-10-06 11:56:49 INFO  AccountRegistrationTest:41 - Validating expected message...
2024-10-06 11:56:49 INFO  AccountRegistrationTest:44 - Account Registration Test Passed
2024-10-06 11:56:49 INFO  AccountRegistrationTest:48 - ************ Finished Accont Registratin Testing *********
2024-10-06 11:56:55 INFO  LoginTest:54 - ***********Launching application ***************
2024-10-06 11:56:59 INFO  LoginTest:15 - ************** Starting Login Test ***********
2024-10-06 11:57:00 INFO  LoginTest:23 - Clicked on login link under myAccount...
2024-10-06 11:57:00 INFO  LoginTest:27 - *** adding credentials ****
2024-10-06 11:57:01 INFO  LoginTest:31 - Clicked on login button...
2024-10-06 11:57:01 INFO  LoginTest:41 - ************** Login Test Completed ***********
